<?xml version="1.0" encoding="UTF-8"?>
<testng-results ignored="0" total="1" passed="1" failed="0" skipped="0">
  <reporter-output>
  </reporter-output>
  <suite started-at="2024-04-19T17:21:11 IST" name="Default suite" finished-at="2024-04-19T17:21:15 IST" duration-ms="3420">
    <groups>
    </groups>
    <test started-at="2024-04-19T17:21:11 IST" name="Default test" finished-at="2024-04-19T17:21:15 IST" duration-ms="3420">
      <class name="CRDA_Pages.Crda_test">
        <test-method is-config="true" signature="ChromeLaunch()[pri:0, instance:CRDA_Pages.Crda_test@47d7bfb3]" started-at="2024-04-19T17:21:11 IST" name="ChromeLaunch" finished-at="2024-04-19T17:21:14 IST" duration-ms="2755" status="PASS">
          <reporter-output>
          </reporter-output>
        </test-method> <!-- ChromeLaunch -->
        <test-method signature="PlotsFileupload()[pri:0, instance:CRDA_Pages.Crda_test@47d7bfb3]" started-at="2024-04-19T17:21:14 IST" name="PlotsFileupload" finished-at="2024-04-19T17:21:15 IST" duration-ms="593" status="PASS">
          <reporter-output>
          </reporter-output>
        </test-method> <!-- PlotsFileupload -->
      </class> <!-- CRDA_Pages.Crda_test -->
    </test> <!-- Default test -->
  </suite> <!-- Default suite -->
</testng-results>
